# JRE version: Java(TM) SE Runtime Environment (8.0_66-b17) (build 1.8.0_66-b17)
# Java VM: Java HotSpot(TM) 64-Bit Server VM (25.66-b17 mixed mode linux-amd64 compressed oops)
Heap:
 PSYoungGen      total 36352K, used 26374K [0x00000000d6d80000, 0x00000000da400000, 0x0000000100000000)
  eden space 31232K, 68% used [0x00000000d6d80000,0x00000000d824c490,0x00000000d8c00000)
  from space 5120K, 99% used [0x00000000d8c80000,0x00000000d91754e0,0x00000000d9180000)
  to   space 12288K, 0% used [0x00000000d9800000,0x00000000d9800000,0x00000000da400000)
 ParOldGen       total 84992K, used 12819K [0x0000000084800000, 0x0000000089b00000, 0x00000000d6d80000)
  object space 84992K, 15% used [0x0000000084800000,0x0000000085484d70,0x0000000089b00000)
 Metaspace       used 19921K, capacity 20153K, committed 20480K, reserved 1067008K
  class space    used 1880K, capacity 1956K, committed 2048K, reserved 1048576K
GC Heap History (10 events):
Event: 1,237 GC heap before
{Heap before GC invocations=1 (full 0):
 PSYoungGen      total 36864K, used 31744K [0x00000000d6d80000, 0x00000000d9680000, 0x0000000100000000)
  eden space 31744K, 100% used [0x00000000d6d80000,0x00000000d8c80000,0x00000000d8c80000)
  from space 5120K, 0% used [0x00000000d9180000,0x00000000d9180000,0x00000000d9680000)
  to   space 5120K, 0% used [0x00000000d8c80000,0x00000000d8c80000,0x00000000d9180000)
 ParOldGen       total 84992K, used 0K [0x0000000084800000, 0x0000000089b00000, 0x00000000d6d80000)
  object space 84992K, 0% used [0x0000000084800000,0x0000000084800000,0x0000000089b00000)
 Metaspace       used 16461K, capacity 16725K, committed 17152K, reserved 1064960K
  class space    used 1596K, capacity 1694K, committed 1792K, reserved 1048576K
Event: 1,243 GC heap after
Heap after GC invocations=1 (full 0):
 PSYoungGen      total 36864K, used 4924K [0x00000000d6d80000, 0x00000000d9680000, 0x0000000100000000)
  eden space 31744K, 0% used [0x00000000d6d80000,0x00000000d6d80000,0x00000000d8c80000)
  from space 5120K, 96% used [0x00000000d8c80000,0x00000000d914f260,0x00000000d9180000)
  to   space 5120K, 0% used [0x00000000d9180000,0x00000000d9180000,0x00000000d9680000)
 ParOldGen       total 84992K, used 16K [0x0000000084800000, 0x0000000089b00000, 0x00000000d6d80000)
  object space 84992K, 0% used [0x0000000084800000,0x0000000084804000,0x0000000089b00000)
 Metaspace       used 16461K, capacity 16725K, committed 17152K, reserved 1064960K
  class space    used 1596K, capacity 1694K, committed 1792K, reserved 1048576K
}
Event: 2,136 GC heap before
{Heap before GC invocations=2 (full 0):
 PSYoungGen      total 36864K, used 36668K [0x00000000d6d80000, 0x00000000d9680000, 0x0000000100000000)
  eden space 31744K, 100% used [0x00000000d6d80000,0x00000000d8c80000,0x00000000d8c80000)
  from space 5120K, 96% used [0x00000000d8c80000,0x00000000d914f260,0x00000000d9180000)
  to   space 5120K, 0% used [0x00000000d9180000,0x00000000d9180000,0x00000000d9680000)
 ParOldGen       total 84992K, used 16K [0x0000000084800000, 0x0000000089b00000, 0x00000000d6d80000)
  object space 84992K, 0% used [0x0000000084800000,0x0000000084804000,0x0000000089b00000)
 Metaspace       used 19176K, capacity 19379K, committed 19712K, reserved 1067008K
  class space    used 1874K, capacity 1955K, committed 2048K, reserved 1048576K
Event: 2,148 GC heap after
Heap after GC invocations=2 (full 0):
 PSYoungGen      total 36864K, used 5107K [0x00000000d6d80000, 0x00000000d9680000, 0x0000000100000000)
  eden space 31744K, 0% used [0x00000000d6d80000,0x00000000d6d80000,0x00000000d8c80000)
  from space 5120K, 99% used [0x00000000d9180000,0x00000000d967ccd0,0x00000000d9680000)
  to   space 5120K, 0% used [0x00000000d8c80000,0x00000000d8c80000,0x00000000d9180000)
 ParOldGen       total 84992K, used 7144K [0x0000000084800000, 0x0000000089b00000, 0x00000000d6d80000)
  object space 84992K, 8% used [0x0000000084800000,0x0000000084efa2d8,0x0000000089b00000)
 Metaspace       used 19176K, capacity 19379K, committed 19712K, reserved 1067008K
  class space    used 1874K, capacity 1955K, committed 2048K, reserved 1048576K
}
Event: 2,821 GC heap before
{Heap before GC invocations=3 (full 0):
 PSYoungGen      total 36864K, used 36672K [0x00000000d6d80000, 0x00000000d9680000, 0x0000000100000000)
  eden space 31744K, 99% used [0x00000000d6d80000,0x00000000d8c533d8,0x00000000d8c80000)
  from space 5120K, 99% used [0x00000000d9180000,0x00000000d967ccd0,0x00000000d9680000)
  to   space 5120K, 0% used [0x00000000d8c80000,0x00000000d8c80000,0x00000000d9180000)
 ParOldGen       total 84992K, used 7400K [0x0000000084800000, 0x0000000089b00000, 0x00000000d6d80000)
  object space 84992K, 8% used [0x0000000084800000,0x0000000084f3a2e8,0x0000000089b00000)
 Metaspace       used 19370K, capacity 19635K, committed 19968K, reserved 1067008K
  class space    used 1874K, capacity 1955K, committed 2048K, reserved 1048576K
Event: 2,827 GC heap after
Heap after GC invocations=3 (full 0):
 PSYoungGen      total 36864K, used 5005K [0x00000000d6d80000, 0x00000000d9680000, 0x0000000100000000)
  eden space 31744K, 0% used [0x00000000d6d80000,0x00000000d6d80000,0x00000000d8c80000)
  from space 5120K, 97% used [0x00000000d8c80000,0x00000000d9163768,0x00000000d9180000)
  to   space 5120K, 0% used [0x00000000d9180000,0x00000000d9180000,0x00000000d9680000)
 ParOldGen       total 84992K, used 12521K [0x0000000084800000, 0x0000000089b00000, 0x00000000d6d80000)
  object space 84992K, 14% used [0x0000000084800000,0x000000008543a428,0x0000000089b00000)
 Metaspace       used 19370K, capacity 19635K, committed 19968K, reserved 1067008K
  class space    used 1874K, capacity 1955K, committed 2048K, reserved 1048576K
}
Event: 9,370 GC heap before
{Heap before GC invocations=4 (full 0):
 PSYoungGen      total 36864K, used 36749K [0x00000000d6d80000, 0x00000000d9680000, 0x0000000100000000)
  eden space 31744K, 100% used [0x00000000d6d80000,0x00000000d8c80000,0x00000000d8c80000)
  from space 5120K, 97% used [0x00000000d8c80000,0x00000000d9163768,0x00000000d9180000)
  to   space 5120K, 0% used [0x00000000d9180000,0x00000000d9180000,0x00000000d9680000)
 ParOldGen       total 84992K, used 12523K [0x0000000084800000, 0x0000000089b00000, 0x00000000d6d80000)
  object space 84992K, 14% used [0x0000000084800000,0x000000008543ad60,0x0000000089b00000)
 Metaspace       used 19746K, capacity 19961K, committed 20224K, reserved 1067008K
  class space    used 1875K, capacity 1956K, committed 2048K, reserved 1048576K
Event: 9,375 GC heap after
Heap after GC invocations=4 (full 0):
 PSYoungGen      total 36864K, used 5093K [0x00000000d6d80000, 0x00000000d9680000, 0x0000000100000000)
  eden space 31744K, 0% used [0x00000000d6d80000,0x00000000d6d80000,0x00000000d8c80000)
  from space 5120K, 99% used [0x00000000d9180000,0x00000000d96794f0,0x00000000d9680000)
  to   space 5120K, 0% used [0x00000000d8c80000,0x00000000d8c80000,0x00000000d9180000)
 ParOldGen       total 84992K, used 12819K [0x0000000084800000, 0x0000000089b00000, 0x00000000d6d80000)
  object space 84992K, 15% used [0x0000000084800000,0x0000000085484d70,0x0000000089b00000)
 Metaspace       used 19746K, capacity 19961K, committed 20224K, reserved 1067008K
  class space    used 1875K, capacity 1956K, committed 2048K, reserved 1048576K
}
Event: 18,261 GC heap before
{Heap before GC invocations=5 (full 0):
 PSYoungGen      total 36864K, used 36837K [0x00000000d6d80000, 0x00000000d9680000, 0x0000000100000000)
  eden space 31744K, 100% used [0x00000000d6d80000,0x00000000d8c80000,0x00000000d8c80000)
  from space 5120K, 99% used [0x00000000d9180000,0x00000000d96794f0,0x00000000d9680000)
  to   space 5120K, 0% used [0x00000000d8c80000,0x00000000d8c80000,0x00000000d9180000)
 ParOldGen       total 84992K, used 12819K [0x0000000084800000, 0x0000000089b00000, 0x00000000d6d80000)
  object space 84992K, 15% used [0x0000000084800000,0x0000000085484d70,0x0000000089b00000)
 Metaspace       used 19812K, capacity 20025K, committed 20480K, reserved 1067008K
  class space    used 1875K, capacity 1956K, committed 2048K, reserved 1048576K
Event: 18,266 GC heap after
Heap after GC invocations=5 (full 0):
 PSYoungGen      total 36352K, used 5077K [0x00000000d6d80000, 0x00000000da400000, 0x0000000100000000)
  eden space 31232K, 0% used [0x00000000d6d80000,0x00000000d6d80000,0x00000000d8c00000)
  from space 5120K, 99% used [0x00000000d8c80000,0x00000000d91754e0,0x00000000d9180000)
  to   space 12288K, 0% used [0x00000000d9800000,0x00000000d9800000,0x00000000da400000)
 ParOldGen       total 84992K, used 12819K [0x0000000084800000, 0x0000000089b00000, 0x00000000d6d80000)
  object space 84992K, 15% used [0x0000000084800000,0x0000000085484d70,0x0000000089b00000)
 Metaspace       used 19812K, capacity 20025K, committed 20480K, reserved 1067008K
  class space    used 1875K, capacity 1956K, committed 2048K, reserved 1048576K
}

