# JRE version: Java(TM) SE Runtime Environment (8.0_66-b17) (build 1.8.0_66-b17)
# Java VM: Java HotSpot(TM) 64-Bit Server VM (25.66-b17 mixed mode linux-amd64 compressed oops)
Heap:
 PSYoungGen      total 41984K, used 7613K [0x00000000d6d80000, 0x00000000da580000, 0x0000000100000000)
  eden space 27648K, 27% used [0x00000000d6d80000,0x00000000d74d76e8,0x00000000d8880000)
  from space 14336K, 0% used [0x00000000d9700000,0x00000000d9718000,0x00000000da500000)
  to   space 14848K, 0% used [0x00000000d8880000,0x00000000d8880000,0x00000000d9700000)
 ParOldGen       total 84992K, used 34210K [0x0000000084800000, 0x0000000089b00000, 0x00000000d6d80000)
  object space 84992K, 40% used [0x0000000084800000,0x0000000086968b00,0x0000000089b00000)
 Metaspace       used 19825K, capacity 20013K, committed 20480K, reserved 1067008K
  class space    used 1845K, capacity 1924K, committed 2048K, reserved 1048576K
GC Heap History (10 events):
Event: 8,726 GC heap before
{Heap before GC invocations=8 (full 0):
 PSYoungGen      total 43520K, used 40536K [0x00000000d6d80000, 0x00000000da600000, 0x0000000100000000)
  eden space 30208K, 100% used [0x00000000d6d80000,0x00000000d8b00000,0x00000000d8b00000)
  from space 13312K, 77% used [0x00000000d8b80000,0x00000000d9596370,0x00000000d9880000)
  to   space 13824K, 0% used [0x00000000d9880000,0x00000000d9880000,0x00000000da600000)
 ParOldGen       total 84992K, used 16361K [0x0000000084800000, 0x0000000089b00000, 0x00000000d6d80000)
  object space 84992K, 19% used [0x0000000084800000,0x00000000857fa6a0,0x0000000089b00000)
 Metaspace       used 19550K, capacity 19817K, committed 20224K, reserved 1067008K
  class space    used 1843K, capacity 1924K, committed 2048K, reserved 1048576K
Event: 8,730 GC heap after
Heap after GC invocations=8 (full 0):
 PSYoungGen      total 43520K, used 10880K [0x00000000d6d80000, 0x00000000da680000, 0x0000000100000000)
  eden space 29696K, 0% used [0x00000000d6d80000,0x00000000d6d80000,0x00000000d8a80000)
  from space 13824K, 78% used [0x00000000d9880000,0x00000000da3202b0,0x00000000da600000)
  to   space 14336K, 0% used [0x00000000d8a80000,0x00000000d8a80000,0x00000000d9880000)
 ParOldGen       total 84992K, used 16401K [0x0000000084800000, 0x0000000089b00000, 0x00000000d6d80000)
  object space 84992K, 19% used [0x0000000084800000,0x00000000858046a0,0x0000000089b00000)
 Metaspace       used 19550K, capacity 19817K, committed 20224K, reserved 1067008K
  class space    used 1843K, capacity 1924K, committed 2048K, reserved 1048576K
}
Event: 10,576 GC heap before
{Heap before GC invocations=9 (full 0):
 PSYoungGen      total 43520K, used 40576K [0x00000000d6d80000, 0x00000000da680000, 0x0000000100000000)
  eden space 29696K, 100% used [0x00000000d6d80000,0x00000000d8a80000,0x00000000d8a80000)
  from space 13824K, 78% used [0x00000000d9880000,0x00000000da3202b0,0x00000000da600000)
  to   space 14336K, 0% used [0x00000000d8a80000,0x00000000d8a80000,0x00000000d9880000)
 ParOldGen       total 84992K, used 16401K [0x0000000084800000, 0x0000000089b00000, 0x00000000d6d80000)
  object space 84992K, 19% used [0x0000000084800000,0x00000000858046a0,0x0000000089b00000)
 Metaspace       used 19621K, capacity 19821K, committed 20224K, reserved 1067008K
  class space    used 1843K, capacity 1924K, committed 2048K, reserved 1048576K
Event: 10,580 GC heap after
Heap after GC invocations=9 (full 0):
 PSYoungGen      total 37888K, used 8272K [0x00000000d6d80000, 0x00000000da500000, 0x0000000100000000)
  eden space 29184K, 0% used [0x00000000d6d80000,0x00000000d6d80000,0x00000000d8a00000)
  from space 8704K, 95% used [0x00000000d8a80000,0x00000000d9294200,0x00000000d9300000)
  to   space 13824K, 0% used [0x00000000d9780000,0x00000000d9780000,0x00000000da500000)
 ParOldGen       total 84992K, used 21137K [0x0000000084800000, 0x0000000089b00000, 0x00000000d6d80000)
  object space 84992K, 24% used [0x0000000084800000,0x0000000085ca47e0,0x0000000089b00000)
 Metaspace       used 19621K, capacity 19821K, committed 20224K, reserved 1067008K
  class space    used 1843K, capacity 1924K, committed 2048K, reserved 1048576K
}
Event: 12,366 GC heap before
{Heap before GC invocations=10 (full 0):
 PSYoungGen      total 37888K, used 37442K [0x00000000d6d80000, 0x00000000da500000, 0x0000000100000000)
  eden space 29184K, 99% used [0x00000000d6d80000,0x00000000d89fc770,0x00000000d8a00000)
  from space 8704K, 95% used [0x00000000d8a80000,0x00000000d9294200,0x00000000d9300000)
  to   space 13824K, 0% used [0x00000000d9780000,0x00000000d9780000,0x00000000da500000)
 ParOldGen       total 84992K, used 21137K [0x0000000084800000, 0x0000000089b00000, 0x00000000d6d80000)
  object space 84992K, 24% used [0x0000000084800000,0x0000000085ca47e0,0x0000000089b00000)
 Metaspace       used 19796K, capacity 20013K, committed 20480K, reserved 1067008K
  class space    used 1843K, capacity 1924K, committed 2048K, reserved 1048576K
Event: 12,371 GC heap after
Heap after GC invocations=10 (full 0):
 PSYoungGen      total 41984K, used 5536K [0x00000000d6d80000, 0x00000000da480000, 0x0000000100000000)
  eden space 28672K, 0% used [0x00000000d6d80000,0x00000000d6d80000,0x00000000d8980000)
  from space 13312K, 41% used [0x00000000d9780000,0x00000000d9ce8150,0x00000000da480000)
  to   space 13824K, 0% used [0x00000000d8980000,0x00000000d8980000,0x00000000d9700000)
 ParOldGen       total 84992K, used 26194K [0x0000000084800000, 0x0000000089b00000, 0x00000000d6d80000)
  object space 84992K, 30% used [0x0000000084800000,0x0000000086194910,0x0000000089b00000)
 Metaspace       used 19796K, capacity 20013K, committed 20480K, reserved 1067008K
  class space    used 1843K, capacity 1924K, committed 2048K, reserved 1048576K
}
Event: 13,525 GC heap before
{Heap before GC invocations=11 (full 0):
 PSYoungGen      total 41984K, used 34208K [0x00000000d6d80000, 0x00000000da480000, 0x0000000100000000)
  eden space 28672K, 100% used [0x00000000d6d80000,0x00000000d8980000,0x00000000d8980000)
  from space 13312K, 41% used [0x00000000d9780000,0x00000000d9ce8150,0x00000000da480000)
  to   space 13824K, 0% used [0x00000000d8980000,0x00000000d8980000,0x00000000d9700000)
 ParOldGen       total 84992K, used 26194K [0x0000000084800000, 0x0000000089b00000, 0x00000000d6d80000)
  object space 84992K, 30% used [0x0000000084800000,0x0000000086194910,0x0000000089b00000)
 Metaspace       used 19814K, capacity 20013K, committed 20480K, reserved 1067008K
  class space    used 1843K, capacity 1924K, committed 2048K, reserved 1048576K
Event: 13,528 GC heap after
Heap after GC invocations=11 (full 0):
 PSYoungGen      total 41984K, used 4000K [0x00000000d6d80000, 0x00000000da500000, 0x0000000100000000)
  eden space 28160K, 0% used [0x00000000d6d80000,0x00000000d6d80000,0x00000000d8900000)
  from space 13824K, 28% used [0x00000000d8980000,0x00000000d8d680f0,0x00000000d9700000)
  to   space 14336K, 0% used [0x00000000d9700000,0x00000000d9700000,0x00000000da500000)
 ParOldGen       total 84992K, used 30330K [0x0000000084800000, 0x0000000089b00000, 0x00000000d6d80000)
  object space 84992K, 35% used [0x0000000084800000,0x000000008659ea10,0x0000000089b00000)
 Metaspace       used 19814K, capacity 20013K, committed 20480K, reserved 1067008K
  class space    used 1843K, capacity 1924K, committed 2048K, reserved 1048576K
}
Event: 17,892 GC heap before
{Heap before GC invocations=12 (full 0):
 PSYoungGen      total 41984K, used 32160K [0x00000000d6d80000, 0x00000000da500000, 0x0000000100000000)
  eden space 28160K, 100% used [0x00000000d6d80000,0x00000000d8900000,0x00000000d8900000)
  from space 13824K, 28% used [0x00000000d8980000,0x00000000d8d680f0,0x00000000d9700000)
  to   space 14336K, 0% used [0x00000000d9700000,0x00000000d9700000,0x00000000da500000)
 ParOldGen       total 84992K, used 30330K [0x0000000084800000, 0x0000000089b00000, 0x00000000d6d80000)
  object space 84992K, 35% used [0x0000000084800000,0x000000008659ea10,0x0000000089b00000)
 Metaspace       used 19814K, capacity 20013K, committed 20480K, reserved 1067008K
  class space    used 1843K, capacity 1924K, committed 2048K, reserved 1048576K
Event: 17,895 GC heap after
Heap after GC invocations=12 (full 0):
 PSYoungGen      total 41984K, used 96K [0x00000000d6d80000, 0x00000000da580000, 0x0000000100000000)
  eden space 27648K, 0% used [0x00000000d6d80000,0x00000000d6d80000,0x00000000d8880000)
  from space 14336K, 0% used [0x00000000d9700000,0x00000000d9718000,0x00000000da500000)
  to   space 14848K, 0% used [0x00000000d8880000,0x00000000d8880000,0x00000000d9700000)
 ParOldGen       total 84992K, used 34210K [0x0000000084800000, 0x0000000089b00000, 0x00000000d6d80000)
  object space 84992K, 40% used [0x0000000084800000,0x0000000086968b00,0x0000000089b00000)
 Metaspace       used 19814K, capacity 20013K, committed 20480K, reserved 1067008K
  class space    used 1843K, capacity 1924K, committed 2048K, reserved 1048576K
}

